<?xml version="1.0" encoding="UTF-8"?>
<!-- Generated by org.testng.reporters.JUnitReportReporter -->
<testsuite hostname="MAA125CG0263V7D" failures="0" tests="2" name="com.capstone.testcases.HomePageTest" time="7.648" errors="0" timestamp="2023-11-26T15:22:21 IST" skipped="0">
  <testcase classname="com.capstone.testcases.HomePageTest" name="verifyLogo" time="3.898"/>
  <system-out/>
  <testcase classname="com.capstone.testcases.HomePageTest" name="verifyTitle" time="3.750"/>
  <system-out/>
</testsuite> <!-- com.capstone.testcases.HomePageTest -->
