<?xml version="1.0" encoding="UTF-8"?>
<!-- Generated by org.testng.reporters.JUnitReportReporter -->
<testsuite hostname="MAA125CG0263V7D" failures="0" tests="2" name="com.capstone.testcases.AccountPageTest" time="25.428" errors="0" timestamp="2023-11-26T15:45:39 IST" skipped="0">
  <testcase classname="com.capstone.testcases.AccountPageTest" name="orderHistoryTest" time="13.707"/>
  <system-out/>
  <testcase classname="com.capstone.testcases.AccountPageTest" name="wishListTest" time="11.721"/>
  <system-out/>
</testsuite> <!-- com.capstone.testcases.AccountPageTest -->
