<?xml version="1.0" encoding="UTF-8"?>
<!-- Generated by org.testng.reporters.JUnitReportReporter -->
<testsuite hostname="MAA125CG0263V7D" failures="0" tests="1" name="com.capstone.testcases.EndToEndTest" time="64.681" errors="0" timestamp="2023-11-26T15:22:21 IST" skipped="0">
  <testcase classname="com.capstone.testcases.EndToEndTest" name="endToEndTest" time="64.681"/>
  <system-out/>
</testsuite> <!-- com.capstone.testcases.EndToEndTest -->
