<?xml version="1.0" encoding="UTF-8"?>
<!-- Generated by org.testng.reporters.JUnitReportReporter -->
<testsuite hostname="MAA125CG0263V7D" failures="0" tests="2" name="com.capstone.testcases.HomePageTest" time="7.710" errors="0" timestamp="2023-11-26T01:27:25 IST" skipped="0">
  <testcase classname="com.capstone.testcases.HomePageTest" name="verifyTitle" time="3.638"/>
  <system-out/>
  <testcase classname="com.capstone.testcases.HomePageTest" name="verifyLogo" time="4.072"/>
  <system-out/>
</testsuite> <!-- com.capstone.testcases.HomePageTest -->
