<?xml version="1.0" encoding="UTF-8"?>
<!-- Generated by org.testng.reporters.JUnitReportReporter -->
<testsuite hostname="MAA125CG0263V7D" failures="0" tests="2" name="com.capstone.testcases.AccountPageTest" time="26.425" errors="0" timestamp="2023-11-26T15:22:21 IST" skipped="0">
  <testcase classname="com.capstone.testcases.AccountPageTest" name="orderHistoryTest" time="14.628"/>
  <system-out/>
  <testcase classname="com.capstone.testcases.AccountPageTest" name="wishListTest" time="11.797"/>
  <system-out/>
</testsuite> <!-- com.capstone.testcases.AccountPageTest -->
